\BOOKMARK [1][-]{section.1}{\376\377\000I\000n\000t\000r\000o\000d\000u\000c\000t\000i\000o\000n\000\040\000a\000n\000d\000\040\000R\000e\000l\000a\000t\000i\000o\000n\000s\000h\000i\000p\000\040\000t\000o\000\040\000B\000E\000R\000T}{}% 1
\BOOKMARK [1][-]{section.2}{\376\377\000I\000n\000p\000u\000t\000\040\000R\000e\000p\000r\000e\000s\000e\000n\000t\000a\000t\000i\000o\000n}{}% 2
\BOOKMARK [2][-]{subsection.2.1}{\376\377\000T\000o\000k\000e\000n\000\040\000S\000t\000r\000u\000c\000t\000u\000r\000e}{section.2}% 3
\BOOKMARK [1][-]{section.3}{\376\377\000T\000o\000k\000e\000n\000\040\000E\000m\000b\000e\000d\000d\000i\000n\000g\000\040\000L\000a\000y\000e\000r}{}% 4
\BOOKMARK [1][-]{section.4}{\376\377\000T\000r\000a\000n\000s\000f\000o\000r\000m\000e\000r\000\040\000E\000n\000c\000o\000d\000e\000r}{}% 5
\BOOKMARK [2][-]{subsection.4.1}{\376\377\000A\000r\000c\000h\000i\000t\000e\000c\000t\000u\000r\000e\000\040\000O\000v\000e\000r\000v\000i\000e\000w}{section.4}% 6
\BOOKMARK [2][-]{subsection.4.2}{\376\377\000R\000o\000w\000-\000W\000i\000s\000e\000\040\000M\000u\000l\000t\000i\000-\000H\000e\000a\000d\000\040\000S\000e\000l\000f\000-\000A\000t\000t\000e\000n\000t\000i\000o\000n}{section.4}% 7
\BOOKMARK [2][-]{subsection.4.3}{\376\377\000P\000o\000s\000i\000t\000i\000o\000n\000-\000W\000i\000s\000e\000\040\000F\000e\000e\000d\000f\000o\000r\000w\000a\000r\000d\000\040\000N\000e\000t\000w\000o\000r\000k}{section.4}% 8
\BOOKMARK [1][-]{section.5}{\376\377\000H\000i\000e\000r\000a\000r\000c\000h\000i\000c\000a\000l\000\040\000A\000t\000t\000e\000n\000t\000i\000o\000n\000\040\000P\000o\000o\000l\000i\000n\000g}{}% 9
\BOOKMARK [2][-]{subsection.5.1}{\376\377\000S\000t\000a\000g\000e\000\040\0001\000:\000\040\000R\000o\000w\000\040\000P\000o\000o\000l\000i\000n\000g\000\040\000\050\000F\000e\000a\000t\000u\000r\000e\000s\000\040\000\040\000R\000o\000w\000s\000\051}{section.5}% 10
\BOOKMARK [2][-]{subsection.5.2}{\376\377\000S\000t\000a\000g\000e\000\040\0002\000:\000\040\000D\000a\000t\000a\000s\000e\000t\000\040\000P\000o\000o\000l\000i\000n\000g\000\040\000\050\000R\000o\000w\000s\000\040\000\040\000D\000a\000t\000a\000s\000e\000t\000\051}{section.5}% 11
\BOOKMARK [1][-]{section.6}{\376\377\000R\000e\000c\000o\000n\000s\000t\000r\000u\000c\000t\000i\000o\000n\000\040\000H\000e\000a\000d\000s}{}% 12
\BOOKMARK [2][-]{subsection.6.1}{\376\377\000M\000C\000A\000R\000\040\000H\000e\000a\000d}{section.6}% 13
\BOOKMARK [2][-]{subsection.6.2}{\376\377\000M\000A\000R\000\040\000H\000e\000a\000d\000\040\000\050\000C\000r\000o\000s\000s\000-\000A\000t\000t\000e\000n\000t\000i\000o\000n\000\040\000t\000o\000\040\000R\000a\000w\000\040\000O\000b\000s\000e\000r\000v\000e\000d\000\040\000V\000a\000l\000u\000e\000s\000\051}{section.6}% 14
\BOOKMARK [2][-]{subsection.6.3}{\376\377\000M\000N\000A\000R\000\040\000S\000e\000l\000f\000-\000C\000e\000n\000s\000o\000r\000i\000n\000g\000\040\000H\000e\000a\000d}{section.6}% 15
\BOOKMARK [2][-]{subsection.6.4}{\376\377\000D\000i\000s\000c\000r\000i\000m\000i\000n\000a\000t\000i\000o\000n\000\040\000S\000i\000g\000n\000a\000l}{section.6}% 16
\BOOKMARK [1][-]{section.7}{\376\377\000M\000i\000s\000s\000i\000n\000g\000n\000e\000s\000s\000\040\000F\000e\000a\000t\000u\000r\000e\000\040\000E\000x\000t\000r\000a\000c\000t\000o\000r}{}% 17
\BOOKMARK [1][-]{section.8}{\376\377\000M\000i\000x\000t\000u\000r\000e\000\040\000o\000f\000\040\000E\000x\000p\000e\000r\000t\000s\000\040\000a\000n\000d\000\040\000C\000l\000a\000s\000s\000i\000f\000i\000c\000a\000t\000i\000o\000n}{}% 18
\BOOKMARK [2][-]{subsection.8.1}{\376\377\000G\000a\000t\000i\000n\000g\000\040\000N\000e\000t\000w\000o\000r\000k}{section.8}% 19
\BOOKMARK [2][-]{subsection.8.2}{\376\377\000T\000e\000m\000p\000e\000r\000a\000t\000u\000r\000e\000-\000S\000c\000a\000l\000e\000d\000\040\000S\000o\000f\000t\000m\000a\000x}{section.8}% 20
\BOOKMARK [2][-]{subsection.8.3}{\376\377\000E\000x\000p\000e\000r\000t\000-\000t\000o\000-\000C\000l\000a\000s\000s\000\040\000M\000a\000p\000p\000i\000n\000g}{section.8}% 21
\BOOKMARK [2][-]{subsection.8.4}{\376\377\000B\000a\000y\000e\000s\000-\000O\000p\000t\000i\000m\000a\000l\000\040\000D\000e\000c\000i\000s\000i\000o\000n\000\040\000R\000u\000l\000e}{section.8}% 22
\BOOKMARK [1][-]{section.9}{\376\377\000T\000r\000a\000i\000n\000i\000n\000g}{}% 23
\BOOKMARK [2][-]{subsection.9.1}{\376\377\000M\000u\000l\000t\000i\000-\000T\000a\000s\000k\000\040\000L\000o\000s\000s}{section.9}% 24
\BOOKMARK [2][-]{subsection.9.2}{\376\377\000T\000r\000a\000i\000n\000i\000n\000g\000\040\000C\000o\000n\000f\000i\000g\000u\000r\000a\000t\000i\000o\000n}{section.9}% 25
\BOOKMARK [1][-]{section.10}{\376\377\000C\000o\000m\000p\000l\000e\000t\000e\000\040\000F\000o\000r\000w\000a\000r\000d\000\040\000P\000a\000s\000s}{}% 26
\BOOKMARK [1][-]{section.11}{\376\377\000S\000u\000m\000m\000a\000r\000y\000\040\000o\000f\000\040\000A\000r\000c\000h\000i\000t\000e\000c\000t\000u\000r\000a\000l\000\040\000D\000i\000m\000e\000n\000s\000i\000o\000n\000s}{}% 27
\BOOKMARK [1][-]{section.12}{\376\377\000F\000i\000g\000u\000r\000e\000s}{}% 28
